mode: set
github.com/couponmanager/common/bootstrapper.go:8.16,11.2 1 1
github.com/couponmanager/common/utils.go:29.91,32.25 2 0
github.com/couponmanager/common/utils.go:37.2,45.69 4 0
github.com/couponmanager/common/utils.go:32.25,35.3 2 0
github.com/couponmanager/common/utils.go:45.69,47.3 1 0
github.com/couponmanager/common/utils.go:55.19,57.2 1 1
github.com/couponmanager/common/utils.go:60.22,63.16 3 1
github.com/couponmanager/common/utils.go:66.2,69.16 4 1
github.com/couponmanager/common/utils.go:63.16,65.3 1 0
github.com/couponmanager/common/utils.go:69.16,71.3 1 0
github.com/couponmanager/routers/coupon.go:13.54,16.2 2 1
github.com/couponmanager/routers/router.go:12.31,17.2 3 1
github.com/couponmanager/service/couponService.go:19.70,23.33 4 1
github.com/couponmanager/service/couponService.go:32.2,35.22 4 1
github.com/couponmanager/service/couponService.go:41.2,43.17 3 1
github.com/couponmanager/service/couponService.go:23.33,24.20 1 0
github.com/couponmanager/service/couponService.go:24.20,26.18 2 0
github.com/couponmanager/service/couponService.go:26.18,28.5 1 0
github.com/couponmanager/service/couponService.go:35.22,36.44 1 0
github.com/couponmanager/service/couponService.go:36.44,39.4 2 0
github.com/couponmanager/service/itemService.go:28.52,31.16 3 1
github.com/couponmanager/service/itemService.go:34.2,35.16 2 1
github.com/couponmanager/service/itemService.go:38.2,41.28 3 1
github.com/couponmanager/service/itemService.go:48.2,48.19 1 1
github.com/couponmanager/service/itemService.go:31.16,33.3 1 0
github.com/couponmanager/service/itemService.go:35.16,37.3 1 0
github.com/couponmanager/service/itemService.go:41.28,46.3 1 1
github.com/couponmanager/service/orderService.go:20.39,20.56 1 1
github.com/couponmanager/service/orderService.go:21.39,21.66 1 1
github.com/couponmanager/service/orderService.go:22.39,22.73 1 1
github.com/couponmanager/service/orderService.go:25.51,28.27 3 1
github.com/couponmanager/service/orderService.go:32.2,33.10 2 1
github.com/couponmanager/service/orderService.go:28.27,31.3 2 1
github.com/couponmanager/controllers/couponController.go:19.56,23.16 3 1
github.com/couponmanager/controllers/couponController.go:33.2,35.16 3 1
github.com/couponmanager/controllers/couponController.go:44.2,48.45 4 0
github.com/couponmanager/controllers/couponController.go:23.16,31.3 2 1
github.com/couponmanager/controllers/couponController.go:35.16,43.3 2 1
github.com/couponmanager/controllers/couponController.go:48.45,56.3 2 0
github.com/couponmanager/controllers/couponController.go:56.8,56.34 1 0
github.com/couponmanager/controllers/couponController.go:56.34,64.3 2 0
github.com/couponmanager/controllers/couponController.go:64.8,68.3 3 0
